<?xml version="1.0" encoding="UTF-8"?>
<!-- Generated by org.testng.reporters.JUnitReportReporter -->
<testsuite name="testcases.Test1" tests="1" time="13.732" ignored="0" failures="0" timestamp="01 Jul 2019 18:54:06 GMT" skipped="0" hostname="Tejas" errors="0">
  <testcase name="TC1_Home" time="13.732" classname="testcases.Test1"/>
</testsuite> <!-- testcases.Test1 -->
